'2022-11-09' - GGFLCienciasSociales_dag_etl - Started Extract Task for DAG GGFLCienciasSociales.
'2022-11-09' - GGFLCienciasSociales_dag_etl - Finished Extract Task for DAG GGFLCienciasSociales.
'2022-11-09' - GGFLCienciasSociales_dag_etl - Started Transform Task for DAG GGFLCienciasSociales.
'2022-11-09' - GGFLCienciasSociales_dag_etl - Ended Transform Task for DAG GGFLCienciasSociales.
'2022-11-09' - GGFLCienciasSociales_dag_etl - Started Extract Task for DAG GGFLCienciasSociales.
'2022-11-09' - GGFLCienciasSociales_dag_etl - Finished Extract Task for DAG GGFLCienciasSociales.
'2022-11-09' - GGFLCienciasSociales_dag_etl - Started Transform Task for DAG GGFLCienciasSociales.
'2022-11-09' - GGFLCienciasSociales_dag_etl - Ended Transform Task for DAG GGFLCienciasSociales.
'2022-11-09' - GGFLCienciasSociales_dag_etl - Started Extract Task for DAG GGFLCienciasSociales.
'2022-11-09' - GGFLCienciasSociales_dag_etl - Finished Extract Task for DAG GGFLCienciasSociales.
'2022-11-09' - GGFLCienciasSociales_dag_etl - Started Transform Task for DAG GGFLCienciasSociales.
'2022-11-09' - GGFLCienciasSociales_dag_etl - Ended Transform Task for DAG GGFLCienciasSociales.
'2022-11-09' - GGFLCienciasSociales_dag_etl - Started Extract Task for DAG GGFLCienciasSociales.
'2022-11-09' - GGFLCienciasSociales_dag_etl - Finished Extract Task for DAG GGFLCienciasSociales.
'2022-11-09' - GGFLCienciasSociales_dag_etl - Started Transform Task for DAG GGFLCienciasSociales.
'2022-11-09' - GGFLCienciasSociales_dag_etl - Ended Transform Task for DAG GGFLCienciasSociales.
'2022-11-14' - GGFLCienciasSociales_dag_etl - INFO - Started Extract Task for DAG GGFLCienciasSociales.
'2022-11-14' - GGFLCienciasSociales_dag_etl - INFO - Started Extract Task for DAG GGFLCienciasSociales.
'2022-11-14' - GGFLCienciasSociales_dag_etl - INFO - Started Extract Task for DAG GGFLCienciasSociales.
'2022-11-14' - GGFLCienciasSociales_dag_etl - INFO - Started Extract Task for DAG GGFLCienciasSociales.
'2022-11-14' - GGFLCienciasSociales_dag_etl - INFO - Started Extract Task for DAG GGFLCienciasSociales.
'2022-11-14' - GGFLCienciasSociales_dag_etl - INFO - Finished Extract Task for DAG GGFLCienciasSociales.
'2022-11-14' - GGFLCienciasSociales_dag_etl - INFO - Finished Extract Task for DAG GGFLCienciasSociales.
'2022-11-14' - GGFLCienciasSociales_dag_etl - INFO - Started Transform Task for DAG GGFLCienciasSociales.
'2022-11-14' - GGFLCienciasSociales_dag_etl - INFO - Started Transform Task for DAG GGFLCienciasSociales.
'2022-11-14' - GGFLCienciasSociales_dag_etl - INFO - Finished Transform Task for DAG GGFLCienciasSociales.
'2022-11-14' - GGFLCienciasSociales_dag_etl - INFO - Finished Transform Task for DAG GGFLCienciasSociales.
'2022-11-14' - GGFLCienciasSociales_dag_etl - INFO - Started Extract Task for DAG GGFLCienciasSociales.
'2022-11-14' - GGFLCienciasSociales_dag_etl - INFO - Finished Extract Task for DAG GGFLCienciasSociales.
'2022-11-14' - GGFLCienciasSociales_dag_etl - INFO - Started Transform Task for DAG GGFLCienciasSociales.
'2022-11-14' - GGFLCienciasSociales_dag_etl - INFO - Finished Transform Task for DAG GGFLCienciasSociales.
'2022-11-14' - GGFLCienciasSociales_dag_etl - INFO - Started Extract Task for DAG GGFLCienciasSociales.
'2022-11-14' - GGFLCienciasSociales_dag_etl - INFO - Finished Extract Task for DAG GGFLCienciasSociales.
'2022-11-14' - GGFLCienciasSociales_dag_etl - INFO - Started Transform Task for DAG GGFLCienciasSociales.
'2022-11-14' - GGFLCienciasSociales_dag_etl - INFO - Finished Transform Task for DAG GGFLCienciasSociales.
'2022-11-14' - GGFLCienciasSociales_dag_etl - INFO - Started Extract Task for DAG GGFLCienciasSociales.
'2022-11-14' - GGFLCienciasSociales_dag_etl - INFO - Finished Extract Task for DAG GGFLCienciasSociales.
'2022-11-14' - GGFLCienciasSociales_dag_etl - INFO - Started Transform Task for DAG GGFLCienciasSociales.
'2022-11-14' - GGFLCienciasSociales_dag_etl - INFO - Finished Transform Task for DAG GGFLCienciasSociales.
