'2022-11-09' - GGUKennedy_dag_etl - Started Extract Task for DAG GFUKennedy.
'2022-11-09' - GGUKennedy_dag_etl - Finished Extract Task for DAG GFUKennedy.
'2022-11-09' - GGUKennedy_dag_etl - Started Transform Task for DAG GFUKennedy.
'2022-11-09' - GGUKennedy_dag_etl - Finished Transform Task for DAG GFUKennedy.
'2022-11-09' - GGUKennedy_dag_etl - Started Extract Task for DAG GFUKennedy.
'2022-11-09' - GGUKennedy_dag_etl - Finished Extract Task for DAG GFUKennedy.
'2022-11-09' - GGUKennedy_dag_etl - Started Transform Task for DAG GFUKennedy.
'2022-11-09' - GGUKennedy_dag_etl - Finished Transform Task for DAG GFUKennedy.
'2022-11-09' - GGUKennedy_dag_etl - Started Extract Task for DAG GFUKennedy.
'2022-11-09' - GGUKennedy_dag_etl - Finished Extract Task for DAG GFUKennedy.
'2022-11-09' - GGUKennedy_dag_etl - Started Transform Task for DAG GFUKennedy.
'2022-11-09' - GGUKennedy_dag_etl - Finished Transform Task for DAG GFUKennedy.
'2022-11-09' - GGUKennedy_dag_etl - Started Extract Task for DAG GFUKennedy.
'2022-11-09' - GGUKennedy_dag_etl - Finished Extract Task for DAG GFUKennedy.
'2022-11-09' - GGUKennedy_dag_etl - Started Transform Task for DAG GFUKennedy.
'2022-11-09' - GGUKennedy_dag_etl - Finished Transform Task for DAG GFUKennedy.
'2022-11-15' - GGUKennedy_dag_etl - INFO - Started Extract Task for DAG GFUKennedy.
'2022-11-15' - GGUKennedy_dag_etl - INFO - Started Extract Task for DAG GFUKennedy.
'2022-11-15' - GGUKennedy_dag_etl - INFO - Finished Extract Task for DAG GFUKennedy.
'2022-11-15' - GGUKennedy_dag_etl - INFO - Finished Extract Task for DAG GFUKennedy.
'2022-11-15' - GGUKennedy_dag_etl - INFO - Started Transform Task for DAG GFUKennedy.
'2022-11-15' - GGUKennedy_dag_etl - INFO - Finished Transform Task for DAG GFUKennedy.
'2022-11-15' - GGUKennedy_dag_etl - INFO - Started Transform Task for DAG GFUKennedy.
'2022-11-15' - GGUKennedy_dag_etl - INFO - Started Load Task for DAG UKennedy.
'2022-11-15' - GGUKennedy_dag_etl - INFO - Finished Transform Task for DAG GFUKennedy.
'2022-11-15' - GGUKennedy_dag_etl - INFO - Started Load Task for DAG UKennedy.
'2022-11-15' - GGUKennedy_dag_etl - INFO - Started Load Task for DAG UKennedy.
'2022-11-15' - GGUKennedy_dag_etl - INFO - Started Load Task for DAG UKennedy.
'2022-11-15' - GGUKennedy_dag_etl - INFO - Started Load Task for DAG UKennedy.
'2022-11-15' - GGUKennedy_dag_etl - INFO - Started Load Task for DAG UKennedy.
'2022-11-15' - GGUKennedy_dag_etl - INFO - Started Extract Task for DAG GFUKennedy.
'2022-11-15' - GGUKennedy_dag_etl - INFO - Finished Extract Task for DAG GFUKennedy.
'2022-11-15' - GGUKennedy_dag_etl - INFO - Started Transform Task for DAG GFUKennedy.
'2022-11-15' - GGUKennedy_dag_etl - INFO - Finished Transform Task for DAG GFUKennedy.
'2022-11-15' - GGUKennedy_dag_etl - INFO - Started Load Task for DAG UKennedy.
'2022-11-15' - GGUKennedy_dag_etl - INFO - Finished Load Task for DAG UKennedy.
'2022-11-15' - GGUKennedy_dag_etl - INFO - Started Load Task for DAG UKennedy.
'2022-11-15' - GGUKennedy_dag_etl - INFO - Started Load Task for DAG UKennedy.
'2022-11-15' - GGUKennedy_dag_etl - INFO - Finished Load Task for DAG UKennedy.
'2022-11-15' - GGUKennedy_dag_etl - INFO - Finished Load Task for DAG UKennedy.
'2022-11-15' - GGUKennedy_dag_etl - INFO - Started Extract Task for DAG GFUKennedy.
'2022-11-15' - GGUKennedy_dag_etl - INFO - Finished Extract Task for DAG GFUKennedy.
'2022-11-15' - GGUKennedy_dag_etl - INFO - Started Transform Task for DAG GFUKennedy.
'2022-11-15' - GGUKennedy_dag_etl - INFO - Finished Transform Task for DAG GFUKennedy.
'2022-11-15' - GGUKennedy_dag_etl - INFO - Started Load Task for DAG UKennedy.
'2022-11-15' - GGUKennedy_dag_etl - INFO - Finished Load Task for DAG UKennedy.
'2022-11-15' - GGUKennedy_dag_etl - INFO - Started Extract Task for DAG GFUKennedy.
'2022-11-15' - GGUKennedy_dag_etl - INFO - Finished Extract Task for DAG GFUKennedy.
'2022-11-15' - GGUKennedy_dag_etl - INFO - Started Transform Task for DAG GFUKennedy.
'2022-11-15' - GGUKennedy_dag_etl - INFO - Finished Transform Task for DAG GFUKennedy.
'2022-11-15' - GGUKennedy_dag_etl - INFO - Started Load Task for DAG UKennedy.
'2022-11-15' - GGUKennedy_dag_etl - INFO - Finished Load Task for DAG UKennedy.
'2022-11-15' - GGUKennedy_dag_etl - INFO - Started Extract Task for DAG GGUKennedy.
'2022-11-15' - GGUKennedy_dag_etl - INFO - Finished Extract Task for DAG GGUKennedy.
'2022-11-15' - GGUKennedy_dag_etl - INFO - Started Transform Task for DAG GGUKennedy.
'2022-11-15' - GGUKennedy_dag_etl - INFO - Finished Transform Task for DAG GGUKennedy.
'2022-11-15' - GGUKennedy_dag_etl - INFO - Started Load Task for DAG GGUKennedy.
'2022-11-15' - GGUKennedy_dag_etl - INFO - Finished Load Task for DAG GGUKennedy.
